<?xml version="1.0" encoding="UTF-8"?>
<!-- Generated by org.testng.reporters.JUnitXMLReporter -->
<testsuite ignored="5" hostname="DESKTOP-H1QA97K" failures="0" tests="2" name="Default test" time="0.122" errors="0" timestamp="2023-12-27T17:38:48 IST">
  <testcase classname="CID.CID_Baseclass" name="@BeforeSuite setUpSuite" time="-1.703678928062E9">
    <failure type="org.testng.TestNGException" message="
Parameter &amp;apos;env&amp;apos; is required by BeforeSuite on method setUpSuite but has not been marked @Optional or defined
in C:\Users\Sheikumarali\AppData\Local\Temp\testng-eclipse-1546690407\testng-customsuite.xml">
      <![CDATA[org.testng.TestNGException: 
Parameter 'env' is required by BeforeSuite on method setUpSuite but has not been marked @Optional or defined
in C:\Users\Sheikumarali\AppData\Local\Temp\testng-eclipse-1546690407\testng-customsuite.xml
at org.testng.internal.Parameters.createParams(Parameters.java:270)
at org.testng.internal.Parameters.createParametersForMethod(Parameters.java:358)
at org.testng.internal.Parameters.createParameters(Parameters.java:700)
at org.testng.internal.Parameters.createConfigurationParameters(Parameters.java:168)
at org.testng.internal.ConfigInvoker.invokeConfigurations(ConfigInvoker.java:302)
at org.testng.SuiteRunner.privateRun(SuiteRunner.java:317)
at org.testng.SuiteRunner.run(SuiteRunner.java:276)
at org.testng.SuiteRunnerWorker.runSuite(SuiteRunnerWorker.java:53)
at org.testng.SuiteRunnerWorker.run(SuiteRunnerWorker.java:96)
at org.testng.TestNG.runSuitesSequentially(TestNG.java:1212)
at org.testng.TestNG.runSuitesLocally(TestNG.java:1134)
at org.testng.TestNG.runSuites(TestNG.java:1063)
at org.testng.TestNG.run(TestNG.java:1031)
at org.testng.remote.AbstractRemoteTestNG.run(AbstractRemoteTestNG.java:115)
at org.testng.remote.RemoteTestNG.initAndRun(RemoteTestNG.java:251)
at org.testng.remote.RemoteTestNG.main(RemoteTestNG.java:77)
]]>
    </failure>
  </testcase> <!-- @BeforeSuite setUpSuite -->
  <testcase classname="CID.CID_Baseclass" name="@BeforeMethod get_data" time="-1.703678928302E9">
    <skipped/>
  </testcase> <!-- @BeforeMethod get_data -->
  <testcase classname="CID.CID_Baseclass" name="@AfterMethod setUp" time="-1.703678928327E9">
    <skipped/>
  </testcase> <!-- @AfterMethod setUp -->
  <testcase classname="CID.CID_Baseclass" name="@BeforeMethod get_data" time="-1.703678928333E9">
    <skipped/>
  </testcase> <!-- @BeforeMethod get_data -->
  <testcase classname="CID.CID_Baseclass" name="@AfterMethod setUp" time="-1.703678928343E9">
    <skipped/>
  </testcase> <!-- @AfterMethod setUp -->
  <testcase classname="CID.CID_Runner" name="User_customer" time="0.0">
    <skipped/>
  </testcase> <!-- User_customer -->
  <testcase classname="CID.CID_Runner" name="User_customer" time="0.0">
    <skipped/>
  </testcase> <!-- User_customer -->
  <testcase classname="CID.CID_Runner" name="View_PDF" time="0.0">
    <ignored/>
  </testcase> <!-- View_PDF -->
  <testcase classname="CID.CID_Runner" name="Existing_customer" time="0.0">
    <ignored/>
  </testcase> <!-- Existing_customer -->
  <testcase classname="CID.CID_Runner" name="Negative_Testing" time="0.0">
    <ignored/>
  </testcase> <!-- Negative_Testing -->
  <testcase classname="CID.CID_Runner" name="payment_Confirmation" time="0.0">
    <ignored/>
  </testcase> <!-- payment_Confirmation -->
  <testcase classname="CID.CID_Runner" name="purchase_scoreReport" time="0.0">
    <ignored/>
  </testcase> <!-- purchase_scoreReport -->
</testsuite> <!-- Default test -->
