<?xml version="1.0" encoding="UTF-8"?>
<!-- Generated by org.testng.reporters.JUnitXMLReporter -->
<testsuite ignored="7" hostname="DESKTOP-H1QA97K" failures="1" tests="2" name="Test" time="48.545" errors="0" timestamp="2024-01-03T15:01:23 IST">
  <testcase classname="CID.CID_Runner" name="User_customer" time="47.718">
    <failure type="java.lang.AssertionError" message="java.lang.AssertionError: org.openqa.selenium.NoSuchElementException: no such element: Unable to locate element: {&amp;quot;method&amp;quot;:&amp;quot;xpath&amp;quot;,&amp;quot;selector&amp;quot;:&amp;quot;//div[@class=&amp;apos;m&amp;apos;][1]//div[text()=&amp;apos;Verify Your Login&amp;apos;]&amp;quot;}
  (Session info: chrome=120.0.6099.130)
For documentation on this error, please visit: https://www.selenium.dev/documentation/webdriver/troubleshooting/errors#no-such-element-exception
Build info: version: &amp;apos;4.16.1&amp;apos;, revision: &amp;apos;9b4c83354e&amp;apos;
System info: os.name: &amp;apos;Windows 11&amp;apos;, os.arch: &amp;apos;amd64&amp;apos;, os.version: &amp;apos;10.0&amp;apos;, java.version: &amp;apos;17.0.6&amp;apos;
Driver info: org.openqa.selenium.chrome.ChromeDriver
Command: [cabdbff02404d74781c9c96577d8fd58, findElement {using=xpath, value=//div[@class=&amp;apos;m&amp;apos;][1]//div[text()=&amp;apos;Verify Your Login&amp;apos;]}]
Capabilities {acceptInsecureCerts: false, browserName: chrome, browserVersion: 120.0.6099.130, chrome: {chromedriverVersion: 120.0.6099.109 (3419140ab66..., userDataDir: C:\Users\SHEIKU~1\AppData\L...}, fedcm:accounts: true, goog:chromeOptions: {debuggerAddress: localhost:53188}, networkConnectionEnabled: false, pageLoadStrategy: normal, platformName: windows, proxy: Proxy(), se:cdp: ws://localhost:53188/devtoo..., se:cdpVersion: 120.0.6099.130, setWindowRect: true, strictFileInteractability: false, timeouts: {implicit: 0, pageLoad: 300000, script: 30000}, unhandledPromptBehavior: dismiss and notify, webauthn:extension:credBlob: true, webauthn:extension:largeBlob: true, webauthn:extension:minPinLength: true, webauthn:extension:prf: true, webauthn:virtualAuthenticators: true}
Session ID: cabdbff02404d74781c9c96577d8fd58">
      <![CDATA[java.lang.AssertionError: java.lang.AssertionError: org.openqa.selenium.NoSuchElementException: no such element: Unable to locate element: {"method":"xpath","selector":"//div[@class='m'][1]//div[text()='Verify Your Login']"}
  (Session info: chrome=120.0.6099.130)
For documentation on this error, please visit: https://www.selenium.dev/documentation/webdriver/troubleshooting/errors#no-such-element-exception
Build info: version: '4.16.1', revision: '9b4c83354e'
System info: os.name: 'Windows 11', os.arch: 'amd64', os.version: '10.0', java.version: '17.0.6'
Driver info: org.openqa.selenium.chrome.ChromeDriver
Command: [cabdbff02404d74781c9c96577d8fd58, findElement {using=xpath, value=//div[@class='m'][1]//div[text()='Verify Your Login']}]
Capabilities {acceptInsecureCerts: false, browserName: chrome, browserVersion: 120.0.6099.130, chrome: {chromedriverVersion: 120.0.6099.109 (3419140ab66..., userDataDir: C:\Users\SHEIKU~1\AppData\L...}, fedcm:accounts: true, goog:chromeOptions: {debuggerAddress: localhost:53188}, networkConnectionEnabled: false, pageLoadStrategy: normal, platformName: windows, proxy: Proxy(), se:cdp: ws://localhost:53188/devtoo..., se:cdpVersion: 120.0.6099.130, setWindowRect: true, strictFileInteractability: false, timeouts: {implicit: 0, pageLoad: 300000, script: 30000}, unhandledPromptBehavior: dismiss and notify, webauthn:extension:credBlob: true, webauthn:extension:largeBlob: true, webauthn:extension:minPinLength: true, webauthn:extension:prf: true, webauthn:virtualAuthenticators: true}
Session ID: cabdbff02404d74781c9c96577d8fd58
at CID.CID_Test.New_customer(CID_Test.java:218)
at CID.CID_Runner.User_customer(CID_Runner.java:85)
at java.base/java.util.ArrayList.forEach(ArrayList.java:1511)
... Removed 28 stack frames]]>
    </failure>
  </testcase> <!-- User_customer -->
  <testcase classname="CID.CID_Runner" name="User_customer" time="0.669"/>
  <testcase classname="CID.CID_Runner" name="View_PDF" time="0.0">
    <ignored/>
  </testcase> <!-- View_PDF -->
  <testcase classname="CID.CID_Runner" name="Existing_customer" time="0.0">
    <ignored/>
  </testcase> <!-- Existing_customer -->
  <testcase classname="CID.CID_Runner" name="Negative_Testing" time="0.0">
    <ignored/>
  </testcase> <!-- Negative_Testing -->
  <testcase classname="CID.CID_Runner" name="payment_Confirmation" time="0.0">
    <ignored/>
  </testcase> <!-- payment_Confirmation -->
  <testcase classname="CID.CID_Runner" name="purchase_scoreReport" time="0.0">
    <ignored/>
  </testcase> <!-- purchase_scoreReport -->
  <testcase classname="CID.CID_Baseclass" name="@BeforeSuite setUpSuite" time="0.0">
    <ignored/>
  </testcase> <!-- @BeforeSuite setUpSuite -->
  <testcase classname="CID.CID_Baseclass" name="@AfterSuite afterSuite" time="0.0">
    <ignored/>
  </testcase> <!-- @AfterSuite afterSuite -->
</testsuite> <!-- Test -->
